2026-01-19 08:43:08.026 - INFO - 6069 - azureml.train.automl._experiment_drivers.driver_utilities.modify_run_configuration:243 - Package azureml-train-automl missing from dependencies file.
2026-01-19 08:43:08.028 - INFO - 6069 - azureml.train.automl._experiment_drivers.driver_utilities.modify_run_configuration:249 - Using pinned version: azureml-train-automl==1.60.0.*
2026-01-19 08:43:08.029 - INFO - 6069 - azureml.train.automl._experiment_drivers.driver_utilities.modify_run_configuration:243 - Package azureml-defaults missing from dependencies file.
2026-01-19 08:43:08.029 - INFO - 6069 - azureml.train.automl._experiment_drivers.driver_utilities.modify_run_configuration:249 - Using pinned version: azureml-defaults==1.60.0.*
2026-01-19 08:43:08.029 - INFO - 6069 - azureml.train.automl._experiment_drivers.driver_utilities.modify_run_configuration:243 - Package pandas missing from dependencies file.
2026-01-19 08:43:08.029 - INFO - 6069 - azureml.train.automl._experiment_drivers.driver_utilities.modify_run_configuration:249 - Using pinned version: pandas==1.3.5
2026-01-19 08:43:08.029 - INFO - 6069 - azureml.train.automl._experiment_drivers.driver_utilities.modify_run_configuration:243 - Package psutil missing from dependencies file.
2026-01-19 08:43:08.030 - INFO - 6069 - azureml.train.automl._experiment_drivers.driver_utilities.modify_run_configuration:249 - Using pinned version: psutil>5.0.0,<6.0.0
2026-01-19 08:43:08.030 - INFO - 6069 - azureml.train.automl._experiment_drivers.driver_utilities.modify_run_configuration:243 - Package scikit-learn missing from dependencies file.
2026-01-19 08:43:08.030 - INFO - 6069 - azureml.train.automl._experiment_drivers.driver_utilities.modify_run_configuration:249 - Using pinned version: scikit-learn==1.5.1
2026-01-19 08:43:08.030 - INFO - 6069 - azureml.train.automl._experiment_drivers.driver_utilities.modify_run_configuration:243 - Package numpy missing from dependencies file.
2026-01-19 08:43:08.030 - INFO - 6069 - azureml.train.automl._experiment_drivers.driver_utilities.modify_run_configuration:249 - Using pinned version: numpy==1.23.5
2026-01-19 08:43:08.031 - INFO - 6069 - azureml.train.automl._experiment_drivers.driver_utilities.modify_run_configuration:243 - Package xgboost missing from dependencies file.
2026-01-19 08:43:08.031 - INFO - 6069 - azureml.train.automl._experiment_drivers.driver_utilities.modify_run_configuration:249 - Using pinned version: xgboost==1.5.2
2026-01-19 08:43:08.031 - INFO - 6069 - azureml.train.automl._experiment_drivers.driver_utilities.modify_run_configuration:243 - Package inference-schema missing from dependencies file.
2026-01-19 08:43:08.031 - INFO - 6069 - azureml.train.automl._experiment_drivers.driver_utilities.modify_run_configuration:253 - Using installed version: inference-schema==1.8
2026-01-19 08:43:08.032 - INFO - 6069 - azureml.train.automl._experiment_drivers.driver_utilities.modify_run_configuration:243 - Package prophet missing from dependencies file.
2026-01-19 08:43:08.032 - INFO - 6069 - azureml.train.automl._experiment_drivers.driver_utilities.modify_run_configuration:249 - Using pinned version: prophet==1.1.4
2026-01-19 08:43:08.032 - INFO - 6069 - azureml.train.automl._experiment_drivers.driver_utilities.modify_run_configuration:243 - Package holidays missing from dependencies file.
2026-01-19 08:43:08.032 - INFO - 6069 - azureml.train.automl._experiment_drivers.driver_utilities.modify_run_configuration:249 - Using pinned version: holidays==0.29
2026-01-19 08:43:08.032 - INFO - 6069 - azureml.train.automl._experiment_drivers.driver_utilities.modify_run_configuration:243 - Package joblib missing from dependencies file.
2026-01-19 08:43:08.033 - INFO - 6069 - azureml.train.automl._experiment_drivers.driver_utilities.modify_run_configuration:249 - Using pinned version: joblib==1.2.0
2026-01-19 08:43:08.033 - INFO - 6069 - azureml.train.automl._experiment_drivers.driver_utilities.modify_run_configuration:243 - Package setuptools-git missing from dependencies file.
2026-01-19 08:43:08.033 - INFO - 6069 - azureml.train.automl._experiment_drivers.driver_utilities.modify_run_configuration:253 - Using installed version: setuptools-git==1.2
2026-01-19 08:43:08.033 - INFO - 6069 - azureml.train.automl._experiment_drivers.driver_utilities.modify_run_configuration:243 - Package urllib3 missing from dependencies file.
2026-01-19 08:43:08.033 - INFO - 6069 - azureml.train.automl._experiment_drivers.driver_utilities.modify_run_configuration:253 - Using installed version: urllib3==2.5.0
2026-01-19 08:43:08.034 - INFO - 6069 - azureml.train.automl._experiment_drivers.driver_utilities.modify_run_configuration:243 - Package azure-core missing from dependencies file.
2026-01-19 08:43:08.034 - INFO - 6069 - azureml.train.automl._experiment_drivers.driver_utilities.modify_run_configuration:253 - Using installed version: azure-core==1.33.0
2026-01-19 08:43:08.034 - INFO - 6069 - azureml.train.automl._experiment_drivers.driver_utilities.modify_run_configuration:243 - Package boto3 missing from dependencies file.
2026-01-19 08:43:08.034 - INFO - 6069 - azureml.train.automl._experiment_drivers.driver_utilities.modify_run_configuration:249 - Using pinned version: boto3==1.20.19
2026-01-19 08:43:08.034 - INFO - 6069 - azureml.train.automl._experiment_drivers.driver_utilities.modify_run_configuration:243 - Package botocore missing from dependencies file.
2026-01-19 08:43:08.035 - INFO - 6069 - azureml.train.automl._experiment_drivers.driver_utilities.modify_run_configuration:249 - Using pinned version: botocore==1.23.19
2026-01-19 08:43:08.036 - INFO - 6069 - azureml.automl.core.dataset_utilities._save_datasets_to_json:256 - JSON serialization of input of type <class 'NoneType'> is un-supported.
2026-01-19 08:43:08.036 - INFO - 6069 - azureml.automl.core.dataset_utilities._save_datasets_to_json:256 - JSON serialization of input of type <class 'NoneType'> is un-supported.
2026-01-19 08:43:08.531 - INFO - 6069 - azureml.train.automl._experiment_drivers.driver_utilities.validate_input:124 - Start data validation.
2026-01-19 08:43:11.201 - INFO - 6069 - azureml.train.automl._experiment_drivers.driver_utilities.validate_input:137 - Validation service found the data has no errors.
2026-01-19 08:43:11.202 - INFO - 6069 - azureml.train.automl._experiment_drivers.driver_utilities.create_remote_parent_run:381 - Start creating parent run.
2026-01-19 08:43:11.672 - INFO - 6069 - azureml.train.automl._experiment_drivers.driver_utilities.create_remote_parent_run:401 - [ParentRunID:AutoML_21332f17-dd47-44c5-9f4b-294511134ac6] Remote run using input X and y.
2026-01-19 08:43:12.134 - INFO - 6069 - azureml.train.automl._experiment_drivers.driver_utilities.start_remote_run:336 - Starting a snapshot run (snapshot_id : None)
